<?xml version="1.0" encoding="UTF-8"?>
<!-- Generated by org.testng.reporters.JUnitXMLReporter -->
<testsuite ignored="0" hostname="DESKTOP-SNOS5S4" failures="0" tests="10" name="Surefire test" time="14.727" errors="0" timestamp="2023-05-02T16:26:00 UZT">
  <testcase classname="api.test.DDTests" name="testPostUser" time="3.064"/>
  <testcase classname="api.test.DDTests" name="testPostUser" time="1.025"/>
  <testcase classname="api.test.DDTests" name="testPostUser" time="0.951"/>
  <testcase classname="api.test.DDTests" name="testDeleteUserByName" time="0.992"/>
  <testcase classname="api.test.DDTests" name="testDeleteUserByName" time="0.907"/>
  <testcase classname="api.test.DDTests" name="testDeleteUserByName" time="0.939"/>
  <testcase classname="api.test.UserTest" name="testPostUser" time="0.968"/>
  <testcase classname="api.test.UserTest" name="testGetUserByNam" time="0.935"/>
  <testcase classname="api.test.UserTest" name="testUpdateUserByName" time="1.835"/>
  <testcase classname="api.test.UserTest" name="testDeleteUserBuName" time="0.972"/>
</testsuite> <!-- Surefire test -->
