<?xml version="1.0" encoding="UTF-8"?>
<!-- Generated by org.testng.reporters.JUnitXMLReporter -->
<testsuite ignored="0" hostname="DESKTOP-SNOS5S4" failures="0" tests="10" name="Surefire test" time="16.812" errors="0" timestamp="2023-05-02T15:32:40 UZT">
  <testcase classname="api.test.DDTests" name="testPostUser" time="3.838"/>
  <testcase classname="api.test.DDTests" name="testPostUser" time="1.025"/>
  <testcase classname="api.test.DDTests" name="testPostUser" time="1.005"/>
  <testcase classname="api.test.DDTests" name="testDeleteUserByName" time="1.039"/>
  <testcase classname="api.test.DDTests" name="testDeleteUserByName" time="0.953"/>
  <testcase classname="api.test.DDTests" name="testDeleteUserByName" time="0.894"/>
  <testcase classname="api.test.UserTest" name="testPostUser" time="0.97"/>
  <testcase classname="api.test.UserTest" name="testGetUserByNam" time="0.946"/>
  <testcase classname="api.test.UserTest" name="testUpdateUserByName" time="1.994"/>
  <testcase classname="api.test.UserTest" name="testDeleteUserBuName" time="1.014"/>
</testsuite> <!-- Surefire test -->
