<?xml version="1.0" encoding="UTF-8"?>
<!-- Generated by org.testng.reporters.JUnitXMLReporter -->
<testsuite ignored="0" hostname="DESKTOP-SNOS5S4" failures="0" tests="6" name="Default test" time="9.854" errors="0" timestamp="2023-04-26T16:41:26 UZT">
  <testcase classname="api.test.DDTests" name="testPostUser" time="3.28"/>
  <testcase classname="api.test.DDTests" name="testPostUser" time="0.989"/>
  <testcase classname="api.test.DDTests" name="testPostUser" time="0.98"/>
  <testcase classname="api.test.DDTests" name="testDeleteUserByName" time="0.954"/>
  <testcase classname="api.test.DDTests" name="testDeleteUserByName" time="0.991"/>
  <testcase classname="api.test.DDTests" name="testDeleteUserByName" time="0.961"/>
</testsuite> <!-- Default test -->
