<?xml version="1.0" encoding="UTF-8"?>
<testng-results ignored="0" total="10" passed="10" failed="0" skipped="0">
  <reporter-output>
  </reporter-output>
  <suite started-at="2023-05-02T15:54:24 UZT" name="Surefire suite" finished-at="2023-05-02T15:54:39 UZT" duration-ms="15124">
    <groups>
    </groups>
    <test started-at="2023-05-02T15:54:24 UZT" name="Surefire test" finished-at="2023-05-02T15:54:39 UZT" duration-ms="15124">
      <class name="api.test.UserTest">
        <test-method is-config="true" signature="setup()[pri:0, instance:api.test.UserTest@72a7c7e0]" started-at="2023-05-02T15:54:34 UZT" name="setup" finished-at="2023-05-02T15:54:34 UZT" duration-ms="213" status="PASS">
          <reporter-output>
          </reporter-output>
        </test-method> <!-- setup -->
        <test-method signature="testPostUser()[pri:1, instance:api.test.UserTest@72a7c7e0]" started-at="2023-05-02T15:54:34 UZT" name="testPostUser" finished-at="2023-05-02T15:54:35 UZT" duration-ms="1063" status="PASS">
          <reporter-output>
          </reporter-output>
        </test-method> <!-- testPostUser -->
        <test-method signature="testGetUserByNam()[pri:2, instance:api.test.UserTest@72a7c7e0]" started-at="2023-05-02T15:54:35 UZT" name="testGetUserByNam" finished-at="2023-05-02T15:54:36 UZT" duration-ms="1009" status="PASS">
          <reporter-output>
          </reporter-output>
        </test-method> <!-- testGetUserByNam -->
        <test-method signature="testUpdateUserByName()[pri:3, instance:api.test.UserTest@72a7c7e0]" started-at="2023-05-02T15:54:36 UZT" name="testUpdateUserByName" finished-at="2023-05-02T15:54:38 UZT" duration-ms="1982" status="PASS">
          <reporter-output>
          </reporter-output>
        </test-method> <!-- testUpdateUserByName -->
        <test-method signature="testDeleteUserBuName()[pri:4, instance:api.test.UserTest@72a7c7e0]" started-at="2023-05-02T15:54:38 UZT" name="testDeleteUserBuName" finished-at="2023-05-02T15:54:39 UZT" duration-ms="986" status="PASS">
          <reporter-output>
          </reporter-output>
        </test-method> <!-- testDeleteUserBuName -->
      </class> <!-- api.test.UserTest -->
      <class name="api.test.DDTests">
        <test-method signature="testPostUser(java.lang.String,java.lang.String,java.lang.String,java.lang.String,java.lang.String,java.lang.String,java.lang.String)[pri:1, instance:api.test.DDTests@7c0c77c7]" started-at="2023-05-02T15:54:26 UZT" name="testPostUser" data-provider="Data" finished-at="2023-05-02T15:54:29 UZT" duration-ms="3040" status="PASS">
          <params>
            <param index="0">
              <value>
                <![CDATA[1010]]>
              </value>
            </param>
            <param index="1">
              <value>
                <![CDATA[testuser1]]>
              </value>
            </param>
            <param index="2">
              <value>
                <![CDATA[John]]>
              </value>
            </param>
            <param index="3">
              <value>
                <![CDATA[Canedy]]>
              </value>
            </param>
            <param index="4">
              <value>
                <![CDATA[a@gmail.com]]>
              </value>
            </param>
            <param index="5">
              <value>
                <![CDATA[test@1]]>
              </value>
            </param>
            <param index="6">
              <value>
                <![CDATA[1234567897]]>
              </value>
            </param>
          </params>
          <reporter-output>
          </reporter-output>
        </test-method> <!-- testPostUser -->
        <test-method signature="testPostUser(java.lang.String,java.lang.String,java.lang.String,java.lang.String,java.lang.String,java.lang.String,java.lang.String)[pri:1, instance:api.test.DDTests@7c0c77c7]" started-at="2023-05-02T15:54:29 UZT" name="testPostUser" data-provider="Data" finished-at="2023-05-02T15:54:30 UZT" duration-ms="998" status="PASS">
          <params>
            <param index="0">
              <value>
                <![CDATA[1020]]>
              </value>
            </param>
            <param index="1">
              <value>
                <![CDATA[testuser2]]>
              </value>
            </param>
            <param index="2">
              <value>
                <![CDATA[Kim]]>
              </value>
            </param>
            <param index="3">
              <value>
                <![CDATA[Kom]]>
              </value>
            </param>
            <param index="4">
              <value>
                <![CDATA[b@gmail.com]]>
              </value>
            </param>
            <param index="5">
              <value>
                <![CDATA[test@2]]>
              </value>
            </param>
            <param index="6">
              <value>
                <![CDATA[1234567897]]>
              </value>
            </param>
          </params>
          <reporter-output>
          </reporter-output>
        </test-method> <!-- testPostUser -->
        <test-method signature="testPostUser(java.lang.String,java.lang.String,java.lang.String,java.lang.String,java.lang.String,java.lang.String,java.lang.String)[pri:1, instance:api.test.DDTests@7c0c77c7]" started-at="2023-05-02T15:54:30 UZT" name="testPostUser" data-provider="Data" finished-at="2023-05-02T15:54:31 UZT" duration-ms="970" status="PASS">
          <params>
            <param index="0">
              <value>
                <![CDATA[1030]]>
              </value>
            </param>
            <param index="1">
              <value>
                <![CDATA[testuser3]]>
              </value>
            </param>
            <param index="2">
              <value>
                <![CDATA[Smith]]>
              </value>
            </param>
            <param index="3">
              <value>
                <![CDATA[Steve]]>
              </value>
            </param>
            <param index="4">
              <value>
                <![CDATA[c@gmail.com]]>
              </value>
            </param>
            <param index="5">
              <value>
                <![CDATA[test@3]]>
              </value>
            </param>
            <param index="6">
              <value>
                <![CDATA[1234567897]]>
              </value>
            </param>
          </params>
          <reporter-output>
          </reporter-output>
        </test-method> <!-- testPostUser -->
        <test-method signature="testDeleteUserByName(java.lang.String)[pri:2, instance:api.test.DDTests@7c0c77c7]" started-at="2023-05-02T15:54:31 UZT" name="testDeleteUserByName" data-provider="UserNames" finished-at="2023-05-02T15:54:32 UZT" duration-ms="992" status="PASS">
          <params>
            <param index="0">
              <value>
                <![CDATA[testuser1]]>
              </value>
            </param>
          </params>
          <reporter-output>
          </reporter-output>
        </test-method> <!-- testDeleteUserByName -->
        <test-method signature="testDeleteUserByName(java.lang.String)[pri:2, instance:api.test.DDTests@7c0c77c7]" started-at="2023-05-02T15:54:32 UZT" name="testDeleteUserByName" data-provider="UserNames" finished-at="2023-05-02T15:54:33 UZT" duration-ms="1008" status="PASS">
          <params>
            <param index="0">
              <value>
                <![CDATA[testuser2]]>
              </value>
            </param>
          </params>
          <reporter-output>
          </reporter-output>
        </test-method> <!-- testDeleteUserByName -->
        <test-method signature="testDeleteUserByName(java.lang.String)[pri:2, instance:api.test.DDTests@7c0c77c7]" started-at="2023-05-02T15:54:33 UZT" name="testDeleteUserByName" data-provider="UserNames" finished-at="2023-05-02T15:54:34 UZT" duration-ms="934" status="PASS">
          <params>
            <param index="0">
              <value>
                <![CDATA[testuser3]]>
              </value>
            </param>
          </params>
          <reporter-output>
          </reporter-output>
        </test-method> <!-- testDeleteUserByName -->
      </class> <!-- api.test.DDTests -->
    </test> <!-- Surefire test -->
  </suite> <!-- Surefire suite -->
</testng-results>
