<?xml version="1.0" encoding="UTF-8"?>
<testng-results ignored="0" total="10" passed="10" failed="0" skipped="0">
  <reporter-output>
  </reporter-output>
  <suite started-at="2023-05-02T16:25:46 UZT" name="Surefire suite" finished-at="2023-05-02T16:26:00 UZT" duration-ms="14727">
    <groups>
    </groups>
    <test started-at="2023-05-02T16:25:46 UZT" name="Surefire test" finished-at="2023-05-02T16:26:00 UZT" duration-ms="14727">
      <class name="api.test.UserTest">
        <test-method is-config="true" signature="setup()[pri:0, instance:api.test.UserTest@72a7c7e0]" started-at="2023-05-02T16:25:55 UZT" name="setup" finished-at="2023-05-02T16:25:56 UZT" duration-ms="194" status="PASS">
          <reporter-output>
          </reporter-output>
        </test-method> <!-- setup -->
        <test-method signature="testPostUser()[pri:1, instance:api.test.UserTest@72a7c7e0]" started-at="2023-05-02T16:25:56 UZT" name="testPostUser" finished-at="2023-05-02T16:25:57 UZT" duration-ms="968" status="PASS">
          <reporter-output>
          </reporter-output>
        </test-method> <!-- testPostUser -->
        <test-method signature="testGetUserByNam()[pri:2, instance:api.test.UserTest@72a7c7e0]" started-at="2023-05-02T16:25:57 UZT" name="testGetUserByNam" finished-at="2023-05-02T16:25:58 UZT" duration-ms="935" status="PASS">
          <reporter-output>
          </reporter-output>
        </test-method> <!-- testGetUserByNam -->
        <test-method signature="testUpdateUserByName()[pri:3, instance:api.test.UserTest@72a7c7e0]" started-at="2023-05-02T16:25:58 UZT" name="testUpdateUserByName" finished-at="2023-05-02T16:25:59 UZT" duration-ms="1835" status="PASS">
          <reporter-output>
          </reporter-output>
        </test-method> <!-- testUpdateUserByName -->
        <test-method signature="testDeleteUserBuName()[pri:4, instance:api.test.UserTest@72a7c7e0]" started-at="2023-05-02T16:25:59 UZT" name="testDeleteUserBuName" finished-at="2023-05-02T16:26:00 UZT" duration-ms="972" status="PASS">
          <reporter-output>
          </reporter-output>
        </test-method> <!-- testDeleteUserBuName -->
      </class> <!-- api.test.UserTest -->
      <class name="api.test.DDTests">
        <test-method signature="testPostUser(java.lang.String,java.lang.String,java.lang.String,java.lang.String,java.lang.String,java.lang.String,java.lang.String)[pri:1, instance:api.test.DDTests@7c0c77c7]" started-at="2023-05-02T16:25:48 UZT" name="testPostUser" data-provider="Data" finished-at="2023-05-02T16:25:51 UZT" duration-ms="3064" status="PASS">
          <params>
            <param index="0">
              <value>
                <![CDATA[1010]]>
              </value>
            </param>
            <param index="1">
              <value>
                <![CDATA[testuser1]]>
              </value>
            </param>
            <param index="2">
              <value>
                <![CDATA[John]]>
              </value>
            </param>
            <param index="3">
              <value>
                <![CDATA[Canedy]]>
              </value>
            </param>
            <param index="4">
              <value>
                <![CDATA[a@gmail.com]]>
              </value>
            </param>
            <param index="5">
              <value>
                <![CDATA[test@1]]>
              </value>
            </param>
            <param index="6">
              <value>
                <![CDATA[1234567897]]>
              </value>
            </param>
          </params>
          <reporter-output>
          </reporter-output>
        </test-method> <!-- testPostUser -->
        <test-method signature="testPostUser(java.lang.String,java.lang.String,java.lang.String,java.lang.String,java.lang.String,java.lang.String,java.lang.String)[pri:1, instance:api.test.DDTests@7c0c77c7]" started-at="2023-05-02T16:25:51 UZT" name="testPostUser" data-provider="Data" finished-at="2023-05-02T16:25:52 UZT" duration-ms="1025" status="PASS">
          <params>
            <param index="0">
              <value>
                <![CDATA[1020]]>
              </value>
            </param>
            <param index="1">
              <value>
                <![CDATA[testuser2]]>
              </value>
            </param>
            <param index="2">
              <value>
                <![CDATA[Kim]]>
              </value>
            </param>
            <param index="3">
              <value>
                <![CDATA[Kom]]>
              </value>
            </param>
            <param index="4">
              <value>
                <![CDATA[b@gmail.com]]>
              </value>
            </param>
            <param index="5">
              <value>
                <![CDATA[test@2]]>
              </value>
            </param>
            <param index="6">
              <value>
                <![CDATA[1234567897]]>
              </value>
            </param>
          </params>
          <reporter-output>
          </reporter-output>
        </test-method> <!-- testPostUser -->
        <test-method signature="testPostUser(java.lang.String,java.lang.String,java.lang.String,java.lang.String,java.lang.String,java.lang.String,java.lang.String)[pri:1, instance:api.test.DDTests@7c0c77c7]" started-at="2023-05-02T16:25:52 UZT" name="testPostUser" data-provider="Data" finished-at="2023-05-02T16:25:53 UZT" duration-ms="951" status="PASS">
          <params>
            <param index="0">
              <value>
                <![CDATA[1030]]>
              </value>
            </param>
            <param index="1">
              <value>
                <![CDATA[testuser3]]>
              </value>
            </param>
            <param index="2">
              <value>
                <![CDATA[Smith]]>
              </value>
            </param>
            <param index="3">
              <value>
                <![CDATA[Steve]]>
              </value>
            </param>
            <param index="4">
              <value>
                <![CDATA[c@gmail.com]]>
              </value>
            </param>
            <param index="5">
              <value>
                <![CDATA[test@3]]>
              </value>
            </param>
            <param index="6">
              <value>
                <![CDATA[1234567897]]>
              </value>
            </param>
          </params>
          <reporter-output>
          </reporter-output>
        </test-method> <!-- testPostUser -->
        <test-method signature="testDeleteUserByName(java.lang.String)[pri:2, instance:api.test.DDTests@7c0c77c7]" started-at="2023-05-02T16:25:53 UZT" name="testDeleteUserByName" data-provider="UserNames" finished-at="2023-05-02T16:25:54 UZT" duration-ms="992" status="PASS">
          <params>
            <param index="0">
              <value>
                <![CDATA[testuser1]]>
              </value>
            </param>
          </params>
          <reporter-output>
          </reporter-output>
        </test-method> <!-- testDeleteUserByName -->
        <test-method signature="testDeleteUserByName(java.lang.String)[pri:2, instance:api.test.DDTests@7c0c77c7]" started-at="2023-05-02T16:25:54 UZT" name="testDeleteUserByName" data-provider="UserNames" finished-at="2023-05-02T16:25:55 UZT" duration-ms="907" status="PASS">
          <params>
            <param index="0">
              <value>
                <![CDATA[testuser2]]>
              </value>
            </param>
          </params>
          <reporter-output>
          </reporter-output>
        </test-method> <!-- testDeleteUserByName -->
        <test-method signature="testDeleteUserByName(java.lang.String)[pri:2, instance:api.test.DDTests@7c0c77c7]" started-at="2023-05-02T16:25:55 UZT" name="testDeleteUserByName" data-provider="UserNames" finished-at="2023-05-02T16:25:55 UZT" duration-ms="939" status="PASS">
          <params>
            <param index="0">
              <value>
                <![CDATA[testuser3]]>
              </value>
            </param>
          </params>
          <reporter-output>
          </reporter-output>
        </test-method> <!-- testDeleteUserByName -->
      </class> <!-- api.test.DDTests -->
    </test> <!-- Surefire test -->
  </suite> <!-- Surefire suite -->
</testng-results>
