<?xml version="1.0" encoding="UTF-8"?>
<!-- Generated by org.testng.reporters.JUnitXMLReporter -->
<testsuite ignored="0" hostname="DESKTOP-SNOS5S4" failures="0" tests="4" name="PetTest" time="8.245" errors="0" timestamp="2023-04-29T15:16:11 UZT">
  <testcase classname="api.test.UserTest2" name="testPostUser" time="3.088"/>
  <testcase classname="api.test.UserTest2" name="testGetUserByNam" time="0.998"/>
  <testcase classname="api.test.UserTest2" name="testUpdateUserByName" time="1.94"/>
  <testcase classname="api.test.UserTest2" name="testDeleteUserBuName" time="0.912"/>
</testsuite> <!-- PetTest -->
